<?xml version="1.0" encoding="UTF-8"?>
<testsuite name="com.example.demo.ComponentControllerTest" tests="6" skipped="0" failures="0" errors="0" timestamp="2021-02-12T20:14:09" hostname="dxtcps004214" time="1.265">
  <properties/>
  <testcase name="cannot post with quantity equals zero()" classname="com.example.demo.ComponentControllerTest" time="0.874"/>
  <testcase name="should return a component by part of its name()" classname="com.example.demo.ComponentControllerTest" time="0.082"/>
  <testcase name="should return just isActive equals true()" classname="com.example.demo.ComponentControllerTest" time="0.151"/>
  <testcase name="should put a object with success()" classname="com.example.demo.ComponentControllerTest" time="0.072"/>
  <testcase name="should inactive one document()" classname="com.example.demo.ComponentControllerTest" time="0.043"/>
  <testcase name="should return a single component by id()" classname="com.example.demo.ComponentControllerTest" time="0.04"/>
  <system-out><![CDATA[17:14:02.063 [Test worker] DEBUG org.springframework.test.context.BootstrapUtils - Instantiating CacheAwareContextLoaderDelegate from class [org.springframework.test.context.cache.DefaultCacheAwareContextLoaderDelegate]
17:14:02.093 [Test worker] DEBUG org.springframework.test.context.BootstrapUtils - Instantiating BootstrapContext using constructor [public org.springframework.test.context.support.DefaultBootstrapContext(java.lang.Class,org.springframework.test.context.CacheAwareContextLoaderDelegate)]
17:14:02.144 [Test worker] DEBUG org.springframework.test.context.BootstrapUtils - Instantiating TestContextBootstrapper for test class [com.example.demo.ComponentControllerTest] from class [org.springframework.boot.test.context.SpringBootTestContextBootstrapper]
17:14:02.168 [Test worker] INFO org.springframework.boot.test.context.SpringBootTestContextBootstrapper - Neither @ContextConfiguration nor @ContextHierarchy found for test class [com.example.demo.ComponentControllerTest], using SpringBootContextLoader
17:14:02.177 [Test worker] DEBUG org.springframework.test.context.support.AbstractContextLoader - Did not detect default resource location for test class [com.example.demo.ComponentControllerTest]: class path resource [com/example/demo/ComponentControllerTest-context.xml] does not exist
17:14:02.178 [Test worker] DEBUG org.springframework.test.context.support.AbstractContextLoader - Did not detect default resource location for test class [com.example.demo.ComponentControllerTest]: class path resource [com/example/demo/ComponentControllerTestContext.groovy] does not exist
17:14:02.179 [Test worker] INFO org.springframework.test.context.support.AbstractContextLoader - Could not detect default resource locations for test class [com.example.demo.ComponentControllerTest]: no resource found for suffixes {-context.xml, Context.groovy}.
17:14:02.180 [Test worker] INFO org.springframework.test.context.support.AnnotationConfigContextLoaderUtils - Could not detect default configuration classes for test class [com.example.demo.ComponentControllerTest]: ComponentControllerTest does not declare any static, non-private, non-final, nested classes annotated with @Configuration.
17:14:02.267 [Test worker] DEBUG org.springframework.test.context.support.ActiveProfilesUtils - Could not find an 'annotation declaring class' for annotation type [org.springframework.test.context.ActiveProfiles] and class [com.example.demo.ComponentControllerTest]
17:14:02.361 [Test worker] DEBUG org.springframework.context.annotation.ClassPathScanningCandidateComponentProvider - Identified candidate component class: file [/home/gabriel.cavalcanti/Documentos/Estudo/Kotlin/kotlin-component-example/relay/build/classes/kotlin/main/com/example/demo/DemoApplication.class]
17:14:02.362 [Test worker] INFO org.springframework.boot.test.context.SpringBootTestContextBootstrapper - Found @SpringBootConfiguration com.example.demo.DemoApplication for test class com.example.demo.ComponentControllerTest
17:14:02.492 [Test worker] DEBUG org.springframework.boot.test.context.SpringBootTestContextBootstrapper - @TestExecutionListeners is not present for class [com.example.demo.ComponentControllerTest]: using defaults.
17:14:02.493 [Test worker] INFO org.springframework.boot.test.context.SpringBootTestContextBootstrapper - Loaded default TestExecutionListener class names from location [META-INF/spring.factories]: [org.springframework.boot.test.autoconfigure.restdocs.RestDocsTestExecutionListener, org.springframework.boot.test.autoconfigure.web.client.MockRestServiceServerResetTestExecutionListener, org.springframework.boot.test.autoconfigure.web.servlet.MockMvcPrintOnlyOnFailureTestExecutionListener, org.springframework.boot.test.autoconfigure.web.servlet.WebDriverTestExecutionListener, org.springframework.boot.test.autoconfigure.webservices.client.MockWebServiceServerTestExecutionListener, org.springframework.boot.test.mock.mockito.MockitoTestExecutionListener, org.springframework.boot.test.mock.mockito.ResetMocksTestExecutionListener, org.springframework.test.context.web.ServletTestExecutionListener, org.springframework.test.context.support.DirtiesContextBeforeModesTestExecutionListener, org.springframework.test.context.support.DependencyInjectionTestExecutionListener, org.springframework.test.context.support.DirtiesContextTestExecutionListener, org.springframework.test.context.transaction.TransactionalTestExecutionListener, org.springframework.test.context.jdbc.SqlScriptsTestExecutionListener, org.springframework.test.context.event.EventPublishingTestExecutionListener]
17:14:02.518 [Test worker] INFO org.springframework.boot.test.context.SpringBootTestContextBootstrapper - Using TestExecutionListeners: [org.springframework.test.context.web.ServletTestExecutionListener@ecf3b63, org.springframework.test.context.support.DirtiesContextBeforeModesTestExecutionListener@ab4762b3, org.springframework.boot.test.mock.mockito.MockitoTestExecutionListener@5fd1677d, org.springframework.boot.test.autoconfigure.SpringBootDependencyInjectionTestExecutionListener@ee8a2ae9, org.springframework.test.context.support.DirtiesContextTestExecutionListener@f954939c, org.springframework.test.context.transaction.TransactionalTestExecutionListener@c14fce49, org.springframework.test.context.jdbc.SqlScriptsTestExecutionListener@e865dba4, org.springframework.test.context.event.EventPublishingTestExecutionListener@6d982764, org.springframework.boot.test.autoconfigure.restdocs.RestDocsTestExecutionListener@9fe9f4a7, org.springframework.boot.test.autoconfigure.web.client.MockRestServiceServerResetTestExecutionListener@ac516b78, org.springframework.boot.test.autoconfigure.web.servlet.MockMvcPrintOnlyOnFailureTestExecutionListener@98df7517, org.springframework.boot.test.autoconfigure.web.servlet.WebDriverTestExecutionListener@e0d8a1e, org.springframework.boot.test.autoconfigure.webservices.client.MockWebServiceServerTestExecutionListener@c9ca7825, org.springframework.boot.test.mock.mockito.ResetMocksTestExecutionListener@b29dfa65]
17:14:02.553 [Test worker] DEBUG org.springframework.test.context.support.TestPropertySourceUtils - Adding inlined properties to environment: {spring.jmx.enabled=false, spring.data.mongodb.database=mongo-test, org.springframework.boot.test.context.SpringBootTestContextBootstrapper=true, server.port=0}

  .   ____          _            __ _ _
 /\\ / ___'_ __ _ _(_)_ __  __ _ \ \ \ \
( ( )\___ | '_ | '_| | '_ \/ _` | \ \ \ \
 \\/  ___)| |_)| | | | | || (_| |  ) ) ) )
  '  |____| .__|_| |_|_| |_\__, | / / / /
 =========|_|==============|___/=/_/_/_/
 :: Spring Boot ::                (v2.4.1)

2021-02-12 17:14:03.096  INFO 167567 --- [    Test worker] c.example.demo.ComponentControllerTest   : Starting ComponentControllerTest using Java 11.0.10 on dxtcps004214 with PID 167567 (started by gabriel.cavalcanti in /home/gabriel.cavalcanti/Documentos/Estudo/Kotlin/kotlin-component-example/relay)
2021-02-12 17:14:03.100  INFO 167567 --- [    Test worker] c.example.demo.ComponentControllerTest   : No active profile set, falling back to default profiles: default
2021-02-12 17:14:04.831  INFO 167567 --- [    Test worker] .s.d.r.c.RepositoryConfigurationDelegate : Bootstrapping Spring Data MongoDB repositories in DEFAULT mode.
2021-02-12 17:14:04.903  INFO 167567 --- [    Test worker] .s.d.r.c.RepositoryConfigurationDelegate : Finished Spring Data repository scanning in 44 ms. Found 1 MongoDB repository interfaces.
2021-02-12 17:14:05.732  INFO 167567 --- [    Test worker] o.s.b.w.embedded.tomcat.TomcatWebServer  : Tomcat initialized with port(s): 0 (http)
2021-02-12 17:14:05.745  INFO 167567 --- [    Test worker] o.apache.catalina.core.StandardService   : Starting service [Tomcat]
2021-02-12 17:14:05.746  INFO 167567 --- [    Test worker] org.apache.catalina.core.StandardEngine  : Starting Servlet engine: [Apache Tomcat/9.0.41]
2021-02-12 17:14:05.833  INFO 167567 --- [    Test worker] o.a.c.c.C.[Tomcat].[localhost].[/]       : Initializing Spring embedded WebApplicationContext
2021-02-12 17:14:05.833  INFO 167567 --- [    Test worker] w.s.c.ServletWebServerApplicationContext : Root WebApplicationContext: initialization completed in 2706 ms
2021-02-12 17:14:06.095  INFO 167567 --- [    Test worker] org.mongodb.driver.cluster               : Cluster created with settings {hosts=[localhost:27017], mode=SINGLE, requiredClusterType=UNKNOWN, serverSelectionTimeout='30000 ms'}
2021-02-12 17:14:06.217  INFO 167567 --- [localhost:27017] org.mongodb.driver.connection            : Opened connection [connectionId{localValue:1, serverValue:223}] to localhost:27017
2021-02-12 17:14:06.217  INFO 167567 --- [localhost:27017] org.mongodb.driver.connection            : Opened connection [connectionId{localValue:2, serverValue:224}] to localhost:27017
2021-02-12 17:14:06.218  INFO 167567 --- [localhost:27017] org.mongodb.driver.cluster               : Monitor thread successfully connected to server with description ServerDescription{address=localhost:27017, type=STANDALONE, state=CONNECTED, ok=true, minWireVersion=0, maxWireVersion=9, maxDocumentSize=16777216, logicalSessionTimeoutMinutes=30, roundTripTimeNanos=69963446}
amqp://guest:guest@localhost:5672/
amqp://guest:guest@localhost:5672/
amqp://guest:guest@localhost:5672/
2021-02-12 17:14:08.456  INFO 167567 --- [    Test worker] o.s.s.concurrent.ThreadPoolTaskExecutor  : Initializing ExecutorService 'applicationTaskExecutor'
2021-02-12 17:14:08.947  INFO 167567 --- [    Test worker] o.a.c.c.C.[Tomcat].[localhost].[/]       : Initializing Spring TestDispatcherServlet ''
2021-02-12 17:14:08.948  INFO 167567 --- [    Test worker] o.s.t.web.servlet.TestDispatcherServlet  : Initializing Servlet ''
2021-02-12 17:14:08.949  INFO 167567 --- [    Test worker] o.s.t.web.servlet.TestDispatcherServlet  : Completed initialization in 1 ms
2021-02-12 17:14:09.042  INFO 167567 --- [    Test worker] o.s.b.w.embedded.tomcat.TomcatWebServer  : Tomcat started on port(s): 35043 (http) with context path ''
2021-02-12 17:14:09.262  WARN 167567 --- [    Test worker] d.s.r.o.OperationImplicitParameterReader : Unable to interpret the implicit parameter configuration with dataType: , dataTypeClass: class java.lang.Void
2021-02-12 17:14:09.308  WARN 167567 --- [    Test worker] d.s.r.o.OperationImplicitParameterReader : Unable to interpret the implicit parameter configuration with dataType: , dataTypeClass: class java.lang.Void
2021-02-12 17:14:09.342  WARN 167567 --- [    Test worker] d.s.r.o.OperationImplicitParameterReader : Unable to interpret the implicit parameter configuration with dataType: String, dataTypeClass: class java.lang.Void
2021-02-12 17:14:09.343  WARN 167567 --- [    Test worker] d.s.r.o.OperationImplicitParameterReader : Unable to interpret the implicit parameter configuration with dataType: Object, dataTypeClass: class java.lang.Void
2021-02-12 17:14:09.353  WARN 167567 --- [    Test worker] d.s.r.o.OperationImplicitParameterReader : Unable to interpret the implicit parameter configuration with dataType: Object, dataTypeClass: class java.lang.Void
2021-02-12 17:14:09.363  WARN 167567 --- [    Test worker] d.s.r.o.OperationImplicitParameterReader : Unable to interpret the implicit parameter configuration with dataType: Object, dataTypeClass: class java.lang.Void
2021-02-12 17:14:09.409  INFO 167567 --- [    Test worker] c.example.demo.ComponentControllerTest   : Started ComponentControllerTest in 6.852 seconds (JVM running for 8.877)
2021-02-12 17:14:09.980  INFO 167567 --- [    Test worker] org.mongodb.driver.connection            : Opened connection [connectionId{localValue:3, serverValue:225}] to localhost:27017
2021-02-12 17:14:10.506  INFO 167567 --- [o-auto-1-exec-1] o.a.c.c.C.[Tomcat].[localhost].[/]       : Initializing Spring DispatcherServlet 'dispatcherServlet'
2021-02-12 17:14:10.507  INFO 167567 --- [o-auto-1-exec-1] o.s.web.servlet.DispatcherServlet        : Initializing Servlet 'dispatcherServlet'
2021-02-12 17:14:10.509  INFO 167567 --- [o-auto-1-exec-1] o.s.web.servlet.DispatcherServlet        : Completed initialization in 2 ms
amqp://guest:guest@localhost:5672/
amqp://guest:guest@localhost:5672/
]]></system-out>
  <system-err><![CDATA[[2021.02.12 17:14:08] (Coverage): Error during class instrumentation: org.springframework.http.client.HttpComponentsClientHttpRequestFactory: java.lang.RuntimeException: java.io.IOException: Class org/apache/http/client/protocol/HttpClientContext not found
]]></system-err>
</testsuite>
