<?xml version="1.0" encoding="UTF-8"?>
<testsuite name="com.example.demo.DemoApplicationTests" tests="1" skipped="0" failures="0" errors="0" timestamp="2021-03-16T14:37:56" hostname="tonobru" time="0.004">
  <properties/>
  <testcase name="contextLoads()" classname="com.example.demo.DemoApplicationTests" time="0.004"/>
  <system-out><![CDATA[2021-03-16 11:37:55.932  INFO 202272 --- [    Test worker] .b.t.c.SpringBootTestContextBootstrapper : Neither @ContextConfiguration nor @ContextHierarchy found for test class [com.example.demo.DemoApplicationTests], using SpringBootContextLoader
2021-03-16 11:37:55.932  INFO 202272 --- [    Test worker] o.s.t.c.support.AbstractContextLoader    : Could not detect default resource locations for test class [com.example.demo.DemoApplicationTests]: no resource found for suffixes {-context.xml, Context.groovy}.
2021-03-16 11:37:55.933  INFO 202272 --- [    Test worker] t.c.s.AnnotationConfigContextLoaderUtils : Could not detect default configuration classes for test class [com.example.demo.DemoApplicationTests]: DemoApplicationTests does not declare any static, non-private, non-final, nested classes annotated with @Configuration.
2021-03-16 11:37:55.934  INFO 202272 --- [    Test worker] .b.t.c.SpringBootTestContextBootstrapper : Found @SpringBootConfiguration com.example.demo.DemoApplication for test class com.example.demo.DemoApplicationTests
2021-03-16 11:37:55.937  INFO 202272 --- [    Test worker] .b.t.c.SpringBootTestContextBootstrapper : Loaded default TestExecutionListener class names from location [META-INF/spring.factories]: [org.springframework.security.test.context.support.WithSecurityContextTestExecutionListener, org.springframework.security.test.context.support.ReactorContextTestExecutionListener, org.springframework.boot.test.autoconfigure.restdocs.RestDocsTestExecutionListener, org.springframework.boot.test.autoconfigure.web.client.MockRestServiceServerResetTestExecutionListener, org.springframework.boot.test.autoconfigure.web.servlet.MockMvcPrintOnlyOnFailureTestExecutionListener, org.springframework.boot.test.autoconfigure.web.servlet.WebDriverTestExecutionListener, org.springframework.boot.test.autoconfigure.webservices.client.MockWebServiceServerTestExecutionListener, org.springframework.boot.test.mock.mockito.MockitoTestExecutionListener, org.springframework.boot.test.mock.mockito.ResetMocksTestExecutionListener, org.springframework.test.context.web.ServletTestExecutionListener, org.springframework.test.context.support.DirtiesContextBeforeModesTestExecutionListener, org.springframework.test.context.support.DependencyInjectionTestExecutionListener, org.springframework.test.context.support.DirtiesContextTestExecutionListener, org.springframework.test.context.transaction.TransactionalTestExecutionListener, org.springframework.test.context.jdbc.SqlScriptsTestExecutionListener, org.springframework.test.context.event.EventPublishingTestExecutionListener]
2021-03-16 11:37:55.937  INFO 202272 --- [    Test worker] .b.t.c.SpringBootTestContextBootstrapper : Using TestExecutionListeners: [org.springframework.test.context.web.ServletTestExecutionListener@6ab04b92, org.springframework.test.context.support.DirtiesContextBeforeModesTestExecutionListener@4c787867, org.springframework.boot.test.mock.mockito.MockitoTestExecutionListener@1b98c184, org.springframework.boot.test.autoconfigure.SpringBootDependencyInjectionTestExecutionListener@259c4e8, org.springframework.test.context.support.DirtiesContextTestExecutionListener@6a5de3ea, org.springframework.test.context.transaction.TransactionalTestExecutionListener@65e91586, org.springframework.test.context.jdbc.SqlScriptsTestExecutionListener@38206c5e, org.springframework.security.test.context.support.WithSecurityContextTestExecutionListener@74129136, org.springframework.test.context.event.EventPublishingTestExecutionListener@71d56eed, org.springframework.security.test.context.support.ReactorContextTestExecutionListener@5cbd1074, org.springframework.boot.test.autoconfigure.restdocs.RestDocsTestExecutionListener@67c4d521, org.springframework.boot.test.autoconfigure.web.client.MockRestServiceServerResetTestExecutionListener@7bf73ce, org.springframework.boot.test.autoconfigure.web.servlet.MockMvcPrintOnlyOnFailureTestExecutionListener@5d47d7d2, org.springframework.boot.test.autoconfigure.web.servlet.WebDriverTestExecutionListener@694d52be, org.springframework.boot.test.autoconfigure.webservices.client.MockWebServiceServerTestExecutionListener@28e1ef6b, org.springframework.boot.test.mock.mockito.ResetMocksTestExecutionListener@543cd8ba]

  .   ____          _            __ _ _
 /\\ / ___'_ __ _ _(_)_ __  __ _ \ \ \ \
( ( )\___ | '_ | '_| | '_ \/ _` | \ \ \ \
 \\/  ___)| |_)| | | | | || (_| |  ) ) ) )
  '  |____| .__|_| |_|_| |_\__, | / / / /
 =========|_|==============|___/=/_/_/_/
 :: Spring Boot ::                (v2.4.1)

2021-03-16 11:37:55.964  INFO 202272 --- [    Test worker] com.example.demo.DemoApplicationTests    : Starting DemoApplicationTests using Java 11.0.9.1 on tonobru with PID 202272 (started by gabriel in /home/gabriel/Documents/Estudo/kotlin-component-example/relay)
2021-03-16 11:37:55.965  INFO 202272 --- [    Test worker] com.example.demo.DemoApplicationTests    : No active profile set, falling back to default profiles: default
2021-03-16 11:37:56.152  INFO 202272 --- [    Test worker] .s.d.r.c.RepositoryConfigurationDelegate : Bootstrapping Spring Data MongoDB repositories in DEFAULT mode.
2021-03-16 11:37:56.159  INFO 202272 --- [    Test worker] .s.d.r.c.RepositoryConfigurationDelegate : Finished Spring Data repository scanning in 6 ms. Found 2 MongoDB repository interfaces.
2021-03-16 11:37:56.225  INFO 202272 --- [    Test worker] org.mongodb.driver.cluster               : Cluster created with settings {hosts=[localhost:27017], mode=SINGLE, requiredClusterType=UNKNOWN, serverSelectionTimeout='30000 ms'}
2021-03-16 11:37:56.228  INFO 202272 --- [localhost:27017] org.mongodb.driver.connection            : Opened connection [connectionId{localValue:4, serverValue:324}] to localhost:27017
2021-03-16 11:37:56.230  INFO 202272 --- [localhost:27017] org.mongodb.driver.connection            : Opened connection [connectionId{localValue:5, serverValue:325}] to localhost:27017
2021-03-16 11:37:56.230  INFO 202272 --- [localhost:27017] org.mongodb.driver.cluster               : Monitor thread successfully connected to server with description ServerDescription{address=localhost:27017, type=STANDALONE, state=CONNECTED, ok=true, minWireVersion=0, maxWireVersion=9, maxDocumentSize=16777216, logicalSessionTimeoutMinutes=30, roundTripTimeNanos=782998}
amqp://guest:guest@localhost:5672/
amqp://guest:guest@localhost:5672/
amqp://guest:guest@localhost:5672/
2021-03-16 11:37:56.528  INFO 202272 --- [    Test worker] o.s.s.web.DefaultSecurityFilterChain     : Will secure Ant [pattern='/v3/api-docs/**'] with []
2021-03-16 11:37:56.529  INFO 202272 --- [    Test worker] o.s.s.web.DefaultSecurityFilterChain     : Will secure Ant [pattern='/swagger-ui.html'] with []
2021-03-16 11:37:56.529  INFO 202272 --- [    Test worker] o.s.s.web.DefaultSecurityFilterChain     : Will secure Ant [pattern='/swagger-ui/**'] with []
2021-03-16 11:37:56.529  INFO 202272 --- [    Test worker] o.s.s.web.DefaultSecurityFilterChain     : Will secure Ant [pattern='/swagger-resources/**'] with []
2021-03-16 11:37:56.530  INFO 202272 --- [    Test worker] o.s.s.web.DefaultSecurityFilterChain     : Will secure Ant [pattern='/swagger-resources'] with []
2021-03-16 11:37:56.530  INFO 202272 --- [    Test worker] o.s.s.web.DefaultSecurityFilterChain     : Will secure Ant [pattern='/webjars/swagger-ui/**'] with []
2021-03-16 11:37:56.530  INFO 202272 --- [    Test worker] o.s.s.web.DefaultSecurityFilterChain     : Will secure Ant [pattern='/webjars/**'] with []
2021-03-16 11:37:56.530  INFO 202272 --- [    Test worker] o.s.s.web.DefaultSecurityFilterChain     : Will secure Ant [pattern='/resource'] with []
2021-03-16 11:37:56.530  INFO 202272 --- [    Test worker] o.s.s.web.DefaultSecurityFilterChain     : Will secure Ant [pattern='/swagger.json'] with []
2021-03-16 11:37:56.530  INFO 202272 --- [    Test worker] o.s.s.web.DefaultSecurityFilterChain     : Will secure Ant [pattern='/v2/api-docs'] with []
2021-03-16 11:37:56.558  INFO 202272 --- [    Test worker] o.s.s.web.DefaultSecurityFilterChain     : Will secure any request with [org.springframework.security.web.context.request.async.WebAsyncManagerIntegrationFilter@61b88007, org.springframework.security.web.context.SecurityContextPersistenceFilter@628b8b33, org.springframework.security.web.header.HeaderWriterFilter@72c1a3d0, org.springframework.security.web.authentication.logout.LogoutFilter@53584e2, com.example.demo.security.JWTAuthenticationFilter@16a2b522, com.example.demo.security.JWTAuthorizationFilter@14497564, org.springframework.security.web.savedrequest.RequestCacheAwareFilter@7872cc24, org.springframework.security.web.servletapi.SecurityContextHolderAwareRequestFilter@7523fd9, org.springframework.security.web.authentication.AnonymousAuthenticationFilter@5e8f8305, org.springframework.security.web.session.SessionManagementFilter@32e1dad0, org.springframework.security.web.access.ExceptionTranslationFilter@3c24d8ee, org.springframework.security.web.access.intercept.FilterSecurityInterceptor@d48f890]
2021-03-16 11:37:56.633  INFO 202272 --- [    Test worker] o.s.s.concurrent.ThreadPoolTaskExecutor  : Initializing ExecutorService 'applicationTaskExecutor'
2021-03-16 11:37:56.776  WARN 202272 --- [    Test worker] d.s.r.o.OperationImplicitParameterReader : Unable to interpret the implicit parameter configuration with dataType: , dataTypeClass: class java.lang.Void
2021-03-16 11:37:56.784  WARN 202272 --- [    Test worker] d.s.r.o.OperationImplicitParameterReader : Unable to interpret the implicit parameter configuration with dataType: , dataTypeClass: class java.lang.Void
2021-03-16 11:37:56.791  WARN 202272 --- [    Test worker] d.s.r.o.OperationImplicitParameterReader : Unable to interpret the implicit parameter configuration with dataType: String, dataTypeClass: class java.lang.Void
2021-03-16 11:37:56.792  WARN 202272 --- [    Test worker] d.s.r.o.OperationImplicitParameterReader : Unable to interpret the implicit parameter configuration with dataType: Object, dataTypeClass: class java.lang.Void
2021-03-16 11:37:56.796  WARN 202272 --- [    Test worker] d.s.r.o.OperationImplicitParameterReader : Unable to interpret the implicit parameter configuration with dataType: Object, dataTypeClass: class java.lang.Void
2021-03-16 11:37:56.800  WARN 202272 --- [    Test worker] d.s.r.o.OperationImplicitParameterReader : Unable to interpret the implicit parameter configuration with dataType: Object, dataTypeClass: class java.lang.Void
2021-03-16 11:37:56.814  INFO 202272 --- [    Test worker] com.example.demo.DemoApplicationTests    : Started DemoApplicationTests in 0.87 seconds (JVM running for 7.727)
]]></system-out>
  <system-err><![CDATA[]]></system-err>
</testsuite>
