<?xml version="1.0" encoding="UTF-8"?>
<testsuite name="com.example.demo.ComponentControllerTest" tests="3" skipped="0" failures="0" errors="0" timestamp="2021-02-08T10:36:40" hostname="pop-os" time="0.685">
  <properties/>
  <testcase name="cannot post with quantity equals zero()" classname="com.example.demo.ComponentControllerTest" time="0.5"/>
  <testcase name="should return just isActive equals true()" classname="com.example.demo.ComponentControllerTest" time="0.161"/>
  <testcase name="should return a single component by id()" classname="com.example.demo.ComponentControllerTest" time="0.024"/>
  <system-out><![CDATA[07:36:38.243 [Test worker] DEBUG org.springframework.test.context.BootstrapUtils - Instantiating CacheAwareContextLoaderDelegate from class [org.springframework.test.context.cache.DefaultCacheAwareContextLoaderDelegate]
07:36:38.250 [Test worker] DEBUG org.springframework.test.context.BootstrapUtils - Instantiating BootstrapContext using constructor [public org.springframework.test.context.support.DefaultBootstrapContext(java.lang.Class,org.springframework.test.context.CacheAwareContextLoaderDelegate)]
07:36:38.265 [Test worker] DEBUG org.springframework.test.context.BootstrapUtils - Instantiating TestContextBootstrapper for test class [com.example.demo.ComponentControllerTest] from class [org.springframework.boot.test.context.SpringBootTestContextBootstrapper]
07:36:38.272 [Test worker] INFO org.springframework.boot.test.context.SpringBootTestContextBootstrapper - Neither @ContextConfiguration nor @ContextHierarchy found for test class [com.example.demo.ComponentControllerTest], using SpringBootContextLoader
07:36:38.274 [Test worker] DEBUG org.springframework.test.context.support.AbstractContextLoader - Did not detect default resource location for test class [com.example.demo.ComponentControllerTest]: class path resource [com/example/demo/ComponentControllerTest-context.xml] does not exist
07:36:38.275 [Test worker] DEBUG org.springframework.test.context.support.AbstractContextLoader - Did not detect default resource location for test class [com.example.demo.ComponentControllerTest]: class path resource [com/example/demo/ComponentControllerTestContext.groovy] does not exist
07:36:38.275 [Test worker] INFO org.springframework.test.context.support.AbstractContextLoader - Could not detect default resource locations for test class [com.example.demo.ComponentControllerTest]: no resource found for suffixes {-context.xml, Context.groovy}.
07:36:38.276 [Test worker] INFO org.springframework.test.context.support.AnnotationConfigContextLoaderUtils - Could not detect default configuration classes for test class [com.example.demo.ComponentControllerTest]: ComponentControllerTest does not declare any static, non-private, non-final, nested classes annotated with @Configuration.
07:36:38.307 [Test worker] DEBUG org.springframework.test.context.support.ActiveProfilesUtils - Could not find an 'annotation declaring class' for annotation type [org.springframework.test.context.ActiveProfiles] and class [com.example.demo.ComponentControllerTest]
07:36:38.336 [Test worker] DEBUG org.springframework.context.annotation.ClassPathScanningCandidateComponentProvider - Identified candidate component class: file [/home/gabrielandradecavalcante/Documentos/Estudo/Kotlin/component-kotlin-example/relay/build/classes/kotlin/main/com/example/demo/DemoApplication.class]
07:36:38.336 [Test worker] INFO org.springframework.boot.test.context.SpringBootTestContextBootstrapper - Found @SpringBootConfiguration com.example.demo.DemoApplication for test class com.example.demo.ComponentControllerTest
07:36:38.383 [Test worker] DEBUG org.springframework.boot.test.context.SpringBootTestContextBootstrapper - @TestExecutionListeners is not present for class [com.example.demo.ComponentControllerTest]: using defaults.
07:36:38.384 [Test worker] INFO org.springframework.boot.test.context.SpringBootTestContextBootstrapper - Loaded default TestExecutionListener class names from location [META-INF/spring.factories]: [org.springframework.boot.test.autoconfigure.restdocs.RestDocsTestExecutionListener, org.springframework.boot.test.autoconfigure.web.client.MockRestServiceServerResetTestExecutionListener, org.springframework.boot.test.autoconfigure.web.servlet.MockMvcPrintOnlyOnFailureTestExecutionListener, org.springframework.boot.test.autoconfigure.web.servlet.WebDriverTestExecutionListener, org.springframework.boot.test.autoconfigure.webservices.client.MockWebServiceServerTestExecutionListener, org.springframework.boot.test.mock.mockito.MockitoTestExecutionListener, org.springframework.boot.test.mock.mockito.ResetMocksTestExecutionListener, org.springframework.test.context.web.ServletTestExecutionListener, org.springframework.test.context.support.DirtiesContextBeforeModesTestExecutionListener, org.springframework.test.context.support.DependencyInjectionTestExecutionListener, org.springframework.test.context.support.DirtiesContextTestExecutionListener, org.springframework.test.context.transaction.TransactionalTestExecutionListener, org.springframework.test.context.jdbc.SqlScriptsTestExecutionListener, org.springframework.test.context.event.EventPublishingTestExecutionListener]
07:36:38.392 [Test worker] INFO org.springframework.boot.test.context.SpringBootTestContextBootstrapper - Using TestExecutionListeners: [org.springframework.test.context.web.ServletTestExecutionListener@74626411, org.springframework.test.context.support.DirtiesContextBeforeModesTestExecutionListener@26b7008c, org.springframework.boot.test.mock.mockito.MockitoTestExecutionListener@55b6d119, org.springframework.boot.test.autoconfigure.SpringBootDependencyInjectionTestExecutionListener@3224f799, org.springframework.test.context.support.DirtiesContextTestExecutionListener@55814f20, org.springframework.test.context.transaction.TransactionalTestExecutionListener@4bac967c, org.springframework.test.context.jdbc.SqlScriptsTestExecutionListener@2871a809, org.springframework.test.context.event.EventPublishingTestExecutionListener@3d7c0aa1, org.springframework.boot.test.autoconfigure.restdocs.RestDocsTestExecutionListener@62dbaa61, org.springframework.boot.test.autoconfigure.web.client.MockRestServiceServerResetTestExecutionListener@4d6bdf30, org.springframework.boot.test.autoconfigure.web.servlet.MockMvcPrintOnlyOnFailureTestExecutionListener@68ff0774, org.springframework.boot.test.autoconfigure.web.servlet.WebDriverTestExecutionListener@358b31c8, org.springframework.boot.test.autoconfigure.webservices.client.MockWebServiceServerTestExecutionListener@a3c0dba, org.springframework.boot.test.mock.mockito.ResetMocksTestExecutionListener@19bdd192]
07:36:38.404 [Test worker] DEBUG org.springframework.test.context.support.TestPropertySourceUtils - Adding inlined properties to environment: {spring.jmx.enabled=false, spring.data.mongodb.database=mongo-test, org.springframework.boot.test.context.SpringBootTestContextBootstrapper=true, server.port=0}

  .   ____          _            __ _ _
 /\\ / ___'_ __ _ _(_)_ __  __ _ \ \ \ \
( ( )\___ | '_ | '_| | '_ \/ _` | \ \ \ \
 \\/  ___)| |_)| | | | | || (_| |  ) ) ) )
  '  |____| .__|_| |_|_| |_\__, | / / / /
 =========|_|==============|___/=/_/_/_/
 :: Spring Boot ::                (v2.4.1)

2021-02-08 07:36:38.612  INFO 266077 --- [    Test worker] c.example.demo.ComponentControllerTest   : Starting ComponentControllerTest using Java 11.0.9.1 on pop-os with PID 266077 (started by gabrielandradecavalcante in /home/gabrielandradecavalcante/Documentos/Estudo/Kotlin/component-kotlin-example/relay)
2021-02-08 07:36:38.614  INFO 266077 --- [    Test worker] c.example.demo.ComponentControllerTest   : No active profile set, falling back to default profiles: default
2021-02-08 07:36:39.058  INFO 266077 --- [    Test worker] .s.d.r.c.RepositoryConfigurationDelegate : Bootstrapping Spring Data MongoDB repositories in DEFAULT mode.
2021-02-08 07:36:39.084  INFO 266077 --- [    Test worker] .s.d.r.c.RepositoryConfigurationDelegate : Finished Spring Data repository scanning in 23 ms. Found 1 MongoDB repository interfaces.
2021-02-08 07:36:39.410  INFO 266077 --- [    Test worker] o.s.b.w.embedded.tomcat.TomcatWebServer  : Tomcat initialized with port(s): 0 (http)
2021-02-08 07:36:39.417  INFO 266077 --- [    Test worker] o.apache.catalina.core.StandardService   : Starting service [Tomcat]
2021-02-08 07:36:39.417  INFO 266077 --- [    Test worker] org.apache.catalina.core.StandardEngine  : Starting Servlet engine: [Apache Tomcat/9.0.41]
2021-02-08 07:36:39.465  INFO 266077 --- [    Test worker] o.a.c.c.C.[Tomcat].[localhost].[/]       : Initializing Spring embedded WebApplicationContext
2021-02-08 07:36:39.465  INFO 266077 --- [    Test worker] w.s.c.ServletWebServerApplicationContext : Root WebApplicationContext: initialization completed in 841 ms
2021-02-08 07:36:39.584  INFO 266077 --- [    Test worker] org.mongodb.driver.cluster               : Cluster created with settings {hosts=[localhost:27017], mode=SINGLE, requiredClusterType=UNKNOWN, serverSelectionTimeout='30000 ms'}
2021-02-08 07:36:39.620  INFO 266077 --- [localhost:27017] org.mongodb.driver.connection            : Opened connection [connectionId{localValue:1, serverValue:7}] to localhost:27017
2021-02-08 07:36:39.620  INFO 266077 --- [localhost:27017] org.mongodb.driver.connection            : Opened connection [connectionId{localValue:2, serverValue:8}] to localhost:27017
2021-02-08 07:36:39.621  INFO 266077 --- [localhost:27017] org.mongodb.driver.cluster               : Monitor thread successfully connected to server with description ServerDescription{address=localhost:27017, type=STANDALONE, state=CONNECTED, ok=true, minWireVersion=0, maxWireVersion=9, maxDocumentSize=16777216, logicalSessionTimeoutMinutes=30, roundTripTimeNanos=11790786}
amqp://guest:guest@$localhost:5672/
amqp://guest:guest@$localhost:5672/
amqp://guest:guest@$localhost:5672/
2021-02-08 07:36:40.207  INFO 266077 --- [    Test worker] o.s.s.concurrent.ThreadPoolTaskExecutor  : Initializing ExecutorService 'applicationTaskExecutor'
2021-02-08 07:36:40.508  INFO 266077 --- [    Test worker] o.a.c.c.C.[Tomcat].[localhost].[/]       : Initializing Spring TestDispatcherServlet ''
2021-02-08 07:36:40.508  INFO 266077 --- [    Test worker] o.s.t.web.servlet.TestDispatcherServlet  : Initializing Servlet ''
2021-02-08 07:36:40.509  INFO 266077 --- [    Test worker] o.s.t.web.servlet.TestDispatcherServlet  : Completed initialization in 1 ms
2021-02-08 07:36:40.537  INFO 266077 --- [    Test worker] o.s.b.w.embedded.tomcat.TomcatWebServer  : Tomcat started on port(s): 33071 (http) with context path ''
2021-02-08 07:36:40.543  INFO 266077 --- [    Test worker] c.example.demo.ComponentControllerTest   : Started ComponentControllerTest in 2.136 seconds (JVM running for 2.722)
2021-02-08 07:36:40.885  INFO 266077 --- [    Test worker] org.mongodb.driver.connection            : Opened connection [connectionId{localValue:3, serverValue:9}] to localhost:27017
2021-02-08 07:36:41.183  INFO 266077 --- [o-auto-1-exec-1] o.a.c.c.C.[Tomcat].[localhost].[/]       : Initializing Spring DispatcherServlet 'dispatcherServlet'
2021-02-08 07:36:41.184  INFO 266077 --- [o-auto-1-exec-1] o.s.web.servlet.DispatcherServlet        : Initializing Servlet 'dispatcherServlet'
2021-02-08 07:36:41.184  INFO 266077 --- [o-auto-1-exec-1] o.s.web.servlet.DispatcherServlet        : Completed initialization in 0 ms
]]></system-out>
  <system-err><![CDATA[]]></system-err>
</testsuite>
