<?xml version="1.0" encoding="UTF-8"?>
<testsuite name="com.example.demo.ComponentControllerTest" tests="6" skipped="0" failures="0" errors="0" timestamp="2021-03-16T14:37:54" hostname="tonobru" time="0.967">
  <properties/>
  <testcase name="cannot post with quantity equals zero()" classname="com.example.demo.ComponentControllerTest" time="0.769"/>
  <testcase name="should return a component by part of its name()" classname="com.example.demo.ComponentControllerTest" time="0.068"/>
  <testcase name="should return just isActive equals true()" classname="com.example.demo.ComponentControllerTest" time="0.019"/>
  <testcase name="should put a object with success()" classname="com.example.demo.ComponentControllerTest" time="0.056"/>
  <testcase name="should inactive one document()" classname="com.example.demo.ComponentControllerTest" time="0.036"/>
  <testcase name="should return a single component by id()" classname="com.example.demo.ComponentControllerTest" time="0.016"/>
  <system-out><![CDATA[11:37:49.948 [Test worker] DEBUG org.springframework.test.context.BootstrapUtils - Instantiating CacheAwareContextLoaderDelegate from class [org.springframework.test.context.cache.DefaultCacheAwareContextLoaderDelegate]
11:37:49.967 [Test worker] DEBUG org.springframework.test.context.BootstrapUtils - Instantiating BootstrapContext using constructor [public org.springframework.test.context.support.DefaultBootstrapContext(java.lang.Class,org.springframework.test.context.CacheAwareContextLoaderDelegate)]
11:37:50.002 [Test worker] DEBUG org.springframework.test.context.BootstrapUtils - Instantiating TestContextBootstrapper for test class [com.example.demo.ComponentControllerTest] from class [org.springframework.boot.test.context.SpringBootTestContextBootstrapper]
11:37:50.016 [Test worker] INFO org.springframework.boot.test.context.SpringBootTestContextBootstrapper - Neither @ContextConfiguration nor @ContextHierarchy found for test class [com.example.demo.ComponentControllerTest], using SpringBootContextLoader
11:37:50.022 [Test worker] DEBUG org.springframework.test.context.support.AbstractContextLoader - Did not detect default resource location for test class [com.example.demo.ComponentControllerTest]: class path resource [com/example/demo/ComponentControllerTest-context.xml] does not exist
11:37:50.022 [Test worker] DEBUG org.springframework.test.context.support.AbstractContextLoader - Did not detect default resource location for test class [com.example.demo.ComponentControllerTest]: class path resource [com/example/demo/ComponentControllerTestContext.groovy] does not exist
11:37:50.022 [Test worker] INFO org.springframework.test.context.support.AbstractContextLoader - Could not detect default resource locations for test class [com.example.demo.ComponentControllerTest]: no resource found for suffixes {-context.xml, Context.groovy}.
11:37:50.023 [Test worker] INFO org.springframework.test.context.support.AnnotationConfigContextLoaderUtils - Could not detect default configuration classes for test class [com.example.demo.ComponentControllerTest]: ComponentControllerTest does not declare any static, non-private, non-final, nested classes annotated with @Configuration.
11:37:50.081 [Test worker] DEBUG org.springframework.test.context.support.ActiveProfilesUtils - Could not find an 'annotation declaring class' for annotation type [org.springframework.test.context.ActiveProfiles] and class [com.example.demo.ComponentControllerTest]
11:37:50.167 [Test worker] DEBUG org.springframework.context.annotation.ClassPathScanningCandidateComponentProvider - Identified candidate component class: file [/home/gabriel/Documents/Estudo/kotlin-component-example/relay/build/classes/kotlin/main/com/example/demo/DemoApplication.class]
11:37:50.168 [Test worker] INFO org.springframework.boot.test.context.SpringBootTestContextBootstrapper - Found @SpringBootConfiguration com.example.demo.DemoApplication for test class com.example.demo.ComponentControllerTest
11:37:50.279 [Test worker] DEBUG org.springframework.boot.test.context.SpringBootTestContextBootstrapper - @TestExecutionListeners is not present for class [com.example.demo.ComponentControllerTest]: using defaults.
11:37:50.279 [Test worker] INFO org.springframework.boot.test.context.SpringBootTestContextBootstrapper - Loaded default TestExecutionListener class names from location [META-INF/spring.factories]: [org.springframework.security.test.context.support.WithSecurityContextTestExecutionListener, org.springframework.security.test.context.support.ReactorContextTestExecutionListener, org.springframework.boot.test.autoconfigure.restdocs.RestDocsTestExecutionListener, org.springframework.boot.test.autoconfigure.web.client.MockRestServiceServerResetTestExecutionListener, org.springframework.boot.test.autoconfigure.web.servlet.MockMvcPrintOnlyOnFailureTestExecutionListener, org.springframework.boot.test.autoconfigure.web.servlet.WebDriverTestExecutionListener, org.springframework.boot.test.autoconfigure.webservices.client.MockWebServiceServerTestExecutionListener, org.springframework.boot.test.mock.mockito.MockitoTestExecutionListener, org.springframework.boot.test.mock.mockito.ResetMocksTestExecutionListener, org.springframework.test.context.web.ServletTestExecutionListener, org.springframework.test.context.support.DirtiesContextBeforeModesTestExecutionListener, org.springframework.test.context.support.DependencyInjectionTestExecutionListener, org.springframework.test.context.support.DirtiesContextTestExecutionListener, org.springframework.test.context.transaction.TransactionalTestExecutionListener, org.springframework.test.context.jdbc.SqlScriptsTestExecutionListener, org.springframework.test.context.event.EventPublishingTestExecutionListener]
11:37:50.300 [Test worker] INFO org.springframework.boot.test.context.SpringBootTestContextBootstrapper - Using TestExecutionListeners: [org.springframework.test.context.web.ServletTestExecutionListener@5f3fc636, org.springframework.test.context.support.DirtiesContextBeforeModesTestExecutionListener@db1e888, org.springframework.boot.test.mock.mockito.MockitoTestExecutionListener@177db425, org.springframework.boot.test.autoconfigure.SpringBootDependencyInjectionTestExecutionListener@4264c181, org.springframework.test.context.support.DirtiesContextTestExecutionListener@634bb18d, org.springframework.test.context.transaction.TransactionalTestExecutionListener@613ce0c4, org.springframework.test.context.jdbc.SqlScriptsTestExecutionListener@1b9abc5a, org.springframework.security.test.context.support.WithSecurityContextTestExecutionListener@7f960e61, org.springframework.test.context.event.EventPublishingTestExecutionListener@416f0fc7, org.springframework.security.test.context.support.ReactorContextTestExecutionListener@4753edee, org.springframework.boot.test.autoconfigure.restdocs.RestDocsTestExecutionListener@965e132, org.springframework.boot.test.autoconfigure.web.client.MockRestServiceServerResetTestExecutionListener@46cf1379, org.springframework.boot.test.autoconfigure.web.servlet.MockMvcPrintOnlyOnFailureTestExecutionListener@7f672d50, org.springframework.boot.test.autoconfigure.web.servlet.WebDriverTestExecutionListener@270383cf, org.springframework.boot.test.autoconfigure.webservices.client.MockWebServiceServerTestExecutionListener@1c99a6c, org.springframework.boot.test.mock.mockito.ResetMocksTestExecutionListener@3f2305f7]
11:37:50.324 [Test worker] DEBUG org.springframework.test.context.support.TestPropertySourceUtils - Adding inlined properties to environment: {spring.jmx.enabled=false, spring.data.mongodb.database=mongo-test, org.springframework.boot.test.context.SpringBootTestContextBootstrapper=true, server.port=0}

  .   ____          _            __ _ _
 /\\ / ___'_ __ _ _(_)_ __  __ _ \ \ \ \
( ( )\___ | '_ | '_| | '_ \/ _` | \ \ \ \
 \\/  ___)| |_)| | | | | || (_| |  ) ) ) )
  '  |____| .__|_| |_|_| |_\__, | / / / /
 =========|_|==============|___/=/_/_/_/
 :: Spring Boot ::                (v2.4.1)

2021-03-16 11:37:50.680  INFO 202272 --- [    Test worker] c.example.demo.ComponentControllerTest   : Starting ComponentControllerTest using Java 11.0.9.1 on tonobru with PID 202272 (started by gabriel in /home/gabriel/Documents/Estudo/kotlin-component-example/relay)
2021-03-16 11:37:50.682  INFO 202272 --- [    Test worker] c.example.demo.ComponentControllerTest   : No active profile set, falling back to default profiles: default
2021-03-16 11:37:51.880  INFO 202272 --- [    Test worker] .s.d.r.c.RepositoryConfigurationDelegate : Bootstrapping Spring Data MongoDB repositories in DEFAULT mode.
2021-03-16 11:37:51.926  INFO 202272 --- [    Test worker] .s.d.r.c.RepositoryConfigurationDelegate : Finished Spring Data repository scanning in 42 ms. Found 2 MongoDB repository interfaces.
2021-03-16 11:37:52.539  INFO 202272 --- [    Test worker] o.s.b.w.embedded.tomcat.TomcatWebServer  : Tomcat initialized with port(s): 0 (http)
2021-03-16 11:37:52.553  INFO 202272 --- [    Test worker] o.apache.catalina.core.StandardService   : Starting service [Tomcat]
2021-03-16 11:37:52.553  INFO 202272 --- [    Test worker] org.apache.catalina.core.StandardEngine  : Starting Servlet engine: [Apache Tomcat/9.0.41]
2021-03-16 11:37:52.629  INFO 202272 --- [    Test worker] o.a.c.c.C.[Tomcat].[localhost].[/]       : Initializing Spring embedded WebApplicationContext
2021-03-16 11:37:52.629  INFO 202272 --- [    Test worker] w.s.c.ServletWebServerApplicationContext : Root WebApplicationContext: initialization completed in 1930 ms
2021-03-16 11:37:52.858  INFO 202272 --- [    Test worker] org.mongodb.driver.cluster               : Cluster created with settings {hosts=[localhost:27017], mode=SINGLE, requiredClusterType=UNKNOWN, serverSelectionTimeout='30000 ms'}
2021-03-16 11:37:52.939  INFO 202272 --- [localhost:27017] org.mongodb.driver.connection            : Opened connection [connectionId{localValue:1, serverValue:322}] to localhost:27017
2021-03-16 11:37:52.939  INFO 202272 --- [localhost:27017] org.mongodb.driver.connection            : Opened connection [connectionId{localValue:2, serverValue:321}] to localhost:27017
2021-03-16 11:37:52.940  INFO 202272 --- [localhost:27017] org.mongodb.driver.cluster               : Monitor thread successfully connected to server with description ServerDescription{address=localhost:27017, type=STANDALONE, state=CONNECTED, ok=true, minWireVersion=0, maxWireVersion=9, maxDocumentSize=16777216, logicalSessionTimeoutMinutes=30, roundTripTimeNanos=21041321}
amqp://guest:guest@localhost:5672/
amqp://guest:guest@localhost:5672/
amqp://guest:guest@localhost:5672/
2021-03-16 11:37:54.037  INFO 202272 --- [    Test worker] o.s.s.web.DefaultSecurityFilterChain     : Will secure Ant [pattern='/v3/api-docs/**'] with []
2021-03-16 11:37:54.038  INFO 202272 --- [    Test worker] o.s.s.web.DefaultSecurityFilterChain     : Will secure Ant [pattern='/swagger-ui.html'] with []
2021-03-16 11:37:54.038  INFO 202272 --- [    Test worker] o.s.s.web.DefaultSecurityFilterChain     : Will secure Ant [pattern='/swagger-ui/**'] with []
2021-03-16 11:37:54.038  INFO 202272 --- [    Test worker] o.s.s.web.DefaultSecurityFilterChain     : Will secure Ant [pattern='/swagger-resources/**'] with []
2021-03-16 11:37:54.038  INFO 202272 --- [    Test worker] o.s.s.web.DefaultSecurityFilterChain     : Will secure Ant [pattern='/swagger-resources'] with []
2021-03-16 11:37:54.039  INFO 202272 --- [    Test worker] o.s.s.web.DefaultSecurityFilterChain     : Will secure Ant [pattern='/webjars/swagger-ui/**'] with []
2021-03-16 11:37:54.039  INFO 202272 --- [    Test worker] o.s.s.web.DefaultSecurityFilterChain     : Will secure Ant [pattern='/webjars/**'] with []
2021-03-16 11:37:54.039  INFO 202272 --- [    Test worker] o.s.s.web.DefaultSecurityFilterChain     : Will secure Ant [pattern='/resource'] with []
2021-03-16 11:37:54.039  INFO 202272 --- [    Test worker] o.s.s.web.DefaultSecurityFilterChain     : Will secure Ant [pattern='/swagger.json'] with []
2021-03-16 11:37:54.039  INFO 202272 --- [    Test worker] o.s.s.web.DefaultSecurityFilterChain     : Will secure Ant [pattern='/v2/api-docs'] with []
2021-03-16 11:37:54.086  INFO 202272 --- [    Test worker] o.s.s.web.DefaultSecurityFilterChain     : Will secure any request with [org.springframework.security.web.context.request.async.WebAsyncManagerIntegrationFilter@51cb1f37, org.springframework.security.web.context.SecurityContextPersistenceFilter@1b6f518c, org.springframework.security.web.header.HeaderWriterFilter@793ee2fa, org.springframework.security.web.authentication.logout.LogoutFilter@495cba23, com.example.demo.security.JWTAuthenticationFilter@4ff019b0, com.example.demo.security.JWTAuthorizationFilter@43b63a55, org.springframework.security.web.savedrequest.RequestCacheAwareFilter@7376c727, org.springframework.security.web.servletapi.SecurityContextHolderAwareRequestFilter@2ced9d20, org.springframework.security.web.authentication.AnonymousAuthenticationFilter@63c12304, org.springframework.security.web.session.SessionManagementFilter@51c2879e, org.springframework.security.web.access.ExceptionTranslationFilter@662be5e8, org.springframework.security.web.access.intercept.FilterSecurityInterceptor@397e6168]
2021-03-16 11:37:54.251  INFO 202272 --- [    Test worker] o.s.s.concurrent.ThreadPoolTaskExecutor  : Initializing ExecutorService 'applicationTaskExecutor'
2021-03-16 11:37:54.634  INFO 202272 --- [    Test worker] o.a.c.c.C.[Tomcat].[localhost].[/]       : Initializing Spring TestDispatcherServlet ''
2021-03-16 11:37:54.634  INFO 202272 --- [    Test worker] o.s.t.web.servlet.TestDispatcherServlet  : Initializing Servlet ''
2021-03-16 11:37:54.635  INFO 202272 --- [    Test worker] o.s.t.web.servlet.TestDispatcherServlet  : Completed initialization in 1 ms
2021-03-16 11:37:54.696  INFO 202272 --- [    Test worker] o.s.b.w.embedded.tomcat.TomcatWebServer  : Tomcat started on port(s): 39075 (http) with context path ''
2021-03-16 11:37:54.844  WARN 202272 --- [    Test worker] d.s.r.o.OperationImplicitParameterReader : Unable to interpret the implicit parameter configuration with dataType: , dataTypeClass: class java.lang.Void
2021-03-16 11:37:54.871  WARN 202272 --- [    Test worker] d.s.r.o.OperationImplicitParameterReader : Unable to interpret the implicit parameter configuration with dataType: , dataTypeClass: class java.lang.Void
2021-03-16 11:37:54.888  WARN 202272 --- [    Test worker] d.s.r.o.OperationImplicitParameterReader : Unable to interpret the implicit parameter configuration with dataType: String, dataTypeClass: class java.lang.Void
2021-03-16 11:37:54.888  WARN 202272 --- [    Test worker] d.s.r.o.OperationImplicitParameterReader : Unable to interpret the implicit parameter configuration with dataType: Object, dataTypeClass: class java.lang.Void
2021-03-16 11:37:54.893  WARN 202272 --- [    Test worker] d.s.r.o.OperationImplicitParameterReader : Unable to interpret the implicit parameter configuration with dataType: Object, dataTypeClass: class java.lang.Void
2021-03-16 11:37:54.899  WARN 202272 --- [    Test worker] d.s.r.o.OperationImplicitParameterReader : Unable to interpret the implicit parameter configuration with dataType: Object, dataTypeClass: class java.lang.Void
2021-03-16 11:37:54.937  INFO 202272 --- [    Test worker] c.example.demo.ComponentControllerTest   : Started ComponentControllerTest in 4.609 seconds (JVM running for 5.85)
2021-03-16 11:37:55.460  INFO 202272 --- [    Test worker] org.mongodb.driver.connection            : Opened connection [connectionId{localValue:3, serverValue:323}] to localhost:27017
amqp://guest:guest@localhost:5672/
amqp://guest:guest@localhost:5672/
]]></system-out>
  <system-err><![CDATA[]]></system-err>
</testsuite>
