<?xml version="1.0" encoding="UTF-8"?>
<testsuite name="com.example.demo.DemoApplicationTests" tests="1" skipped="0" failures="0" errors="0" timestamp="2021-02-08T10:36:41" hostname="pop-os" time="0.003">
  <properties/>
  <testcase name="contextLoads()" classname="com.example.demo.DemoApplicationTests" time="0.003"/>
  <system-out><![CDATA[2021-02-08 07:36:41.248  INFO 266077 --- [    Test worker] .b.t.c.SpringBootTestContextBootstrapper : Neither @ContextConfiguration nor @ContextHierarchy found for test class [com.example.demo.DemoApplicationTests], using SpringBootContextLoader
2021-02-08 07:36:41.249  INFO 266077 --- [    Test worker] o.s.t.c.support.AbstractContextLoader    : Could not detect default resource locations for test class [com.example.demo.DemoApplicationTests]: no resource found for suffixes {-context.xml, Context.groovy}.
2021-02-08 07:36:41.249  INFO 266077 --- [    Test worker] t.c.s.AnnotationConfigContextLoaderUtils : Could not detect default configuration classes for test class [com.example.demo.DemoApplicationTests]: DemoApplicationTests does not declare any static, non-private, non-final, nested classes annotated with @Configuration.
2021-02-08 07:36:41.250  INFO 266077 --- [    Test worker] .b.t.c.SpringBootTestContextBootstrapper : Found @SpringBootConfiguration com.example.demo.DemoApplication for test class com.example.demo.DemoApplicationTests
2021-02-08 07:36:41.251  INFO 266077 --- [    Test worker] .b.t.c.SpringBootTestContextBootstrapper : Loaded default TestExecutionListener class names from location [META-INF/spring.factories]: [org.springframework.boot.test.autoconfigure.restdocs.RestDocsTestExecutionListener, org.springframework.boot.test.autoconfigure.web.client.MockRestServiceServerResetTestExecutionListener, org.springframework.boot.test.autoconfigure.web.servlet.MockMvcPrintOnlyOnFailureTestExecutionListener, org.springframework.boot.test.autoconfigure.web.servlet.WebDriverTestExecutionListener, org.springframework.boot.test.autoconfigure.webservices.client.MockWebServiceServerTestExecutionListener, org.springframework.boot.test.mock.mockito.MockitoTestExecutionListener, org.springframework.boot.test.mock.mockito.ResetMocksTestExecutionListener, org.springframework.test.context.web.ServletTestExecutionListener, org.springframework.test.context.support.DirtiesContextBeforeModesTestExecutionListener, org.springframework.test.context.support.DependencyInjectionTestExecutionListener, org.springframework.test.context.support.DirtiesContextTestExecutionListener, org.springframework.test.context.transaction.TransactionalTestExecutionListener, org.springframework.test.context.jdbc.SqlScriptsTestExecutionListener, org.springframework.test.context.event.EventPublishingTestExecutionListener]
2021-02-08 07:36:41.252  INFO 266077 --- [    Test worker] .b.t.c.SpringBootTestContextBootstrapper : Using TestExecutionListeners: [org.springframework.test.context.web.ServletTestExecutionListener@4d0f5bd4, org.springframework.test.context.support.DirtiesContextBeforeModesTestExecutionListener@4c051f9d, org.springframework.boot.test.mock.mockito.MockitoTestExecutionListener@5de01dab, org.springframework.boot.test.autoconfigure.SpringBootDependencyInjectionTestExecutionListener@1ef4ff1e, org.springframework.test.context.support.DirtiesContextTestExecutionListener@2992c6ef, org.springframework.test.context.transaction.TransactionalTestExecutionListener@4d8fcdb7, org.springframework.test.context.jdbc.SqlScriptsTestExecutionListener@10df9ce8, org.springframework.test.context.event.EventPublishingTestExecutionListener@29ea8de2, org.springframework.boot.test.autoconfigure.restdocs.RestDocsTestExecutionListener@16f0838e, org.springframework.boot.test.autoconfigure.web.client.MockRestServiceServerResetTestExecutionListener@25a11692, org.springframework.boot.test.autoconfigure.web.servlet.MockMvcPrintOnlyOnFailureTestExecutionListener@49f5e612, org.springframework.boot.test.autoconfigure.web.servlet.WebDriverTestExecutionListener@348de753, org.springframework.boot.test.autoconfigure.webservices.client.MockWebServiceServerTestExecutionListener@26f3febf, org.springframework.boot.test.mock.mockito.ResetMocksTestExecutionListener@b4b7975]

  .   ____          _            __ _ _
 /\\ / ___'_ __ _ _(_)_ __  __ _ \ \ \ \
( ( )\___ | '_ | '_| | '_ \/ _` | \ \ \ \
 \\/  ___)| |_)| | | | | || (_| |  ) ) ) )
  '  |____| .__|_| |_|_| |_\__, | / / / /
 =========|_|==============|___/=/_/_/_/
 :: Spring Boot ::                (v2.4.1)

2021-02-08 07:36:41.267  INFO 266077 --- [    Test worker] com.example.demo.DemoApplicationTests    : Starting DemoApplicationTests using Java 11.0.9.1 on pop-os with PID 266077 (started by gabrielandradecavalcante in /home/gabrielandradecavalcante/Documentos/Estudo/Kotlin/component-kotlin-example/relay)
2021-02-08 07:36:41.267  INFO 266077 --- [    Test worker] com.example.demo.DemoApplicationTests    : No active profile set, falling back to default profiles: default
2021-02-08 07:36:41.348  INFO 266077 --- [    Test worker] .s.d.r.c.RepositoryConfigurationDelegate : Bootstrapping Spring Data MongoDB repositories in DEFAULT mode.
2021-02-08 07:36:41.351  INFO 266077 --- [    Test worker] .s.d.r.c.RepositoryConfigurationDelegate : Finished Spring Data repository scanning in 3 ms. Found 1 MongoDB repository interfaces.
2021-02-08 07:36:41.391  INFO 266077 --- [    Test worker] org.mongodb.driver.cluster               : Cluster created with settings {hosts=[localhost:27017], mode=SINGLE, requiredClusterType=UNKNOWN, serverSelectionTimeout='30000 ms'}
2021-02-08 07:36:41.394  INFO 266077 --- [localhost:27017] org.mongodb.driver.connection            : Opened connection [connectionId{localValue:5, serverValue:11}] to localhost:27017
2021-02-08 07:36:41.394  INFO 266077 --- [localhost:27017] org.mongodb.driver.connection            : Opened connection [connectionId{localValue:4, serverValue:10}] to localhost:27017
2021-02-08 07:36:41.394  INFO 266077 --- [localhost:27017] org.mongodb.driver.cluster               : Monitor thread successfully connected to server with description ServerDescription{address=localhost:27017, type=STANDALONE, state=CONNECTED, ok=true, minWireVersion=0, maxWireVersion=9, maxDocumentSize=16777216, logicalSessionTimeoutMinutes=30, roundTripTimeNanos=1122296}
amqp://guest:guest@$localhost:5672/
amqp://guest:guest@$localhost:5672/
amqp://guest:guest@$localhost:5672/
2021-02-08 07:36:41.526  INFO 266077 --- [    Test worker] o.s.s.concurrent.ThreadPoolTaskExecutor  : Initializing ExecutorService 'applicationTaskExecutor'
2021-02-08 07:36:41.642  INFO 266077 --- [    Test worker] com.example.demo.DemoApplicationTests    : Started DemoApplicationTests in 0.386 seconds (JVM running for 3.821)
]]></system-out>
  <system-err><![CDATA[]]></system-err>
</testsuite>
